Analysis & Synthesis report for ADS_TOP
Sat Jan 17 16:13:35 2026
Quartus Prime Version 20.1.0 Build 711 06/05/2020 SJ Lite Edition


---------------------
; Table of Contents ;
---------------------
  1. Legal Notice
  2. Analysis & Synthesis Summary
  3. Analysis & Synthesis Settings
  4. Parallel Compilation
  5. Analysis & Synthesis Source Files Read
  6. Analysis & Synthesis Resource Usage Summary
  7. Analysis & Synthesis Resource Utilization by Entity
  8. State Machine - |ADS_TOP|fsm_state
  9. Registers Removed During Synthesis
 10. General Register Statistics
 11. Multiplexer Restructuring Statistics (Restructuring Performed)
 12. Post-Synthesis Netlist Statistics for Top Partition
 13. Elapsed Time Per Partition
 14. Analysis & Synthesis Messages



----------------
; Legal Notice ;
----------------
Copyright (C) 2020  Intel Corporation. All rights reserved.
Your use of Intel Corporation's design tools, logic functions 
and other software and tools, and any partner logic 
functions, and any output files from any of the foregoing 
(including device programming or simulation files), and any 
associated documentation or information are expressly subject 
to the terms and conditions of the Intel Program License 
Subscription Agreement, the Intel Quartus Prime License Agreement,
the Intel FPGA IP License Agreement, or other applicable license
agreement, including, without limitation, that your use is for
the sole purpose of programming logic devices manufactured by
Intel and sold by Intel or its authorized distributors.  Please
refer to the applicable agreement for further details, at
https://fpgasoftware.intel.com/eula.



+-------------------------------------------------------------------------------+
; Analysis & Synthesis Summary                                                  ;
+---------------------------------+---------------------------------------------+
; Analysis & Synthesis Status     ; Successful - Sat Jan 17 16:13:35 2026       ;
; Quartus Prime Version           ; 20.1.0 Build 711 06/05/2020 SJ Lite Edition ;
; Revision Name                   ; ADS_TOP                                     ;
; Top-level Entity Name           ; ADS_TOP                                     ;
; Family                          ; Cyclone V                                   ;
; Logic utilization (in ALMs)     ; N/A                                         ;
; Total registers                 ; 266                                         ;
; Total pins                      ; 388                                         ;
; Total virtual pins              ; 0                                           ;
; Total block memory bits         ; 0                                           ;
; Total DSP Blocks                ; 0                                           ;
; Total HSSI RX PCSs              ; 0                                           ;
; Total HSSI PMA RX Deserializers ; 0                                           ;
; Total HSSI TX PCSs              ; 0                                           ;
; Total HSSI PMA TX Serializers   ; 0                                           ;
; Total PLLs                      ; 0                                           ;
; Total DLLs                      ; 0                                           ;
+---------------------------------+---------------------------------------------+


+---------------------------------------------------------------------------------------------------------------------------+
; Analysis & Synthesis Settings                                                                                             ;
+---------------------------------------------------------------------------------+--------------------+--------------------+
; Option                                                                          ; Setting            ; Default Value      ;
+---------------------------------------------------------------------------------+--------------------+--------------------+
; Device                                                                          ; 5CGXFC9E6F35I7     ;                    ;
; Top-level entity name                                                           ; ADS_TOP            ; ADS_TOP            ;
; Family name                                                                     ; Cyclone V          ; Cyclone V          ;
; Use smart compilation                                                           ; Off                ; Off                ;
; Enable parallel Assembler and Timing Analyzer during compilation                ; On                 ; On                 ;
; Enable compact report table                                                     ; Off                ; Off                ;
; Restructure Multiplexers                                                        ; Auto               ; Auto               ;
; MLAB Add Timing Constraints For Mixed-Port Feed-Through Mode Setting Don't Care ; Off                ; Off                ;
; Create Debugging Nodes for IP Cores                                             ; Off                ; Off                ;
; Preserve fewer node names                                                       ; On                 ; On                 ;
; Intel FPGA IP Evaluation Mode                                                   ; Enable             ; Enable             ;
; Verilog Version                                                                 ; Verilog_2001       ; Verilog_2001       ;
; VHDL Version                                                                    ; VHDL_1993          ; VHDL_1993          ;
; State Machine Processing                                                        ; Auto               ; Auto               ;
; Safe State Machine                                                              ; Off                ; Off                ;
; Extract Verilog State Machines                                                  ; On                 ; On                 ;
; Extract VHDL State Machines                                                     ; On                 ; On                 ;
; Ignore Verilog initial constructs                                               ; Off                ; Off                ;
; Iteration limit for constant Verilog loops                                      ; 5000               ; 5000               ;
; Iteration limit for non-constant Verilog loops                                  ; 250                ; 250                ;
; Add Pass-Through Logic to Inferred RAMs                                         ; On                 ; On                 ;
; Infer RAMs from Raw Logic                                                       ; On                 ; On                 ;
; Parallel Synthesis                                                              ; On                 ; On                 ;
; DSP Block Balancing                                                             ; Auto               ; Auto               ;
; NOT Gate Push-Back                                                              ; On                 ; On                 ;
; Power-Up Don't Care                                                             ; On                 ; On                 ;
; Remove Redundant Logic Cells                                                    ; Off                ; Off                ;
; Remove Duplicate Registers                                                      ; On                 ; On                 ;
; Ignore CARRY Buffers                                                            ; Off                ; Off                ;
; Ignore CASCADE Buffers                                                          ; Off                ; Off                ;
; Ignore GLOBAL Buffers                                                           ; Off                ; Off                ;
; Ignore ROW GLOBAL Buffers                                                       ; Off                ; Off                ;
; Ignore LCELL Buffers                                                            ; Off                ; Off                ;
; Ignore SOFT Buffers                                                             ; On                 ; On                 ;
; Limit AHDL Integers to 32 Bits                                                  ; Off                ; Off                ;
; Optimization Technique                                                          ; Balanced           ; Balanced           ;
; Carry Chain Length                                                              ; 70                 ; 70                 ;
; Auto Carry Chains                                                               ; On                 ; On                 ;
; Auto Open-Drain Pins                                                            ; On                 ; On                 ;
; Perform WYSIWYG Primitive Resynthesis                                           ; Off                ; Off                ;
; Auto ROM Replacement                                                            ; On                 ; On                 ;
; Auto RAM Replacement                                                            ; On                 ; On                 ;
; Auto DSP Block Replacement                                                      ; On                 ; On                 ;
; Auto Shift Register Replacement                                                 ; Auto               ; Auto               ;
; Allow Shift Register Merging across Hierarchies                                 ; Auto               ; Auto               ;
; Auto Clock Enable Replacement                                                   ; On                 ; On                 ;
; Strict RAM Replacement                                                          ; Off                ; Off                ;
; Allow Synchronous Control Signals                                               ; On                 ; On                 ;
; Force Use of Synchronous Clear Signals                                          ; Off                ; Off                ;
; Auto Resource Sharing                                                           ; Off                ; Off                ;
; Allow Any RAM Size For Recognition                                              ; Off                ; Off                ;
; Allow Any ROM Size For Recognition                                              ; Off                ; Off                ;
; Allow Any Shift Register Size For Recognition                                   ; Off                ; Off                ;
; Use LogicLock Constraints during Resource Balancing                             ; On                 ; On                 ;
; Ignore translate_off and synthesis_off directives                               ; Off                ; Off                ;
; Timing-Driven Synthesis                                                         ; On                 ; On                 ;
; Report Parameter Settings                                                       ; On                 ; On                 ;
; Report Source Assignments                                                       ; On                 ; On                 ;
; Report Connectivity Checks                                                      ; On                 ; On                 ;
; Ignore Maximum Fan-Out Assignments                                              ; Off                ; Off                ;
; Synchronization Register Chain Length                                           ; 3                  ; 3                  ;
; Power Optimization During Synthesis                                             ; Normal compilation ; Normal compilation ;
; HDL message level                                                               ; Level2             ; Level2             ;
; Suppress Register Optimization Related Messages                                 ; Off                ; Off                ;
; Number of Removed Registers Reported in Synthesis Report                        ; 5000               ; 5000               ;
; Number of Swept Nodes Reported in Synthesis Report                              ; 5000               ; 5000               ;
; Number of Inverted Registers Reported in Synthesis Report                       ; 100                ; 100                ;
; Clock MUX Protection                                                            ; On                 ; On                 ;
; Auto Gated Clock Conversion                                                     ; Off                ; Off                ;
; Block Design Naming                                                             ; Auto               ; Auto               ;
; SDC constraint protection                                                       ; Off                ; Off                ;
; Synthesis Effort                                                                ; Auto               ; Auto               ;
; Shift Register Replacement - Allow Asynchronous Clear Signal                    ; On                 ; On                 ;
; Pre-Mapping Resynthesis Optimization                                            ; Off                ; Off                ;
; Analysis & Synthesis Message Level                                              ; Medium             ; Medium             ;
; Disable Register Merging Across Hierarchies                                     ; Auto               ; Auto               ;
; Resource Aware Inference For Block RAM                                          ; On                 ; On                 ;
; Automatic Parallel Synthesis                                                    ; On                 ; On                 ;
; Partial Reconfiguration Bitstream ID                                            ; Off                ; Off                ;
+---------------------------------------------------------------------------------+--------------------+--------------------+


+------------------------------------------+
; Parallel Compilation                     ;
+----------------------------+-------------+
; Processors                 ; Number      ;
+----------------------------+-------------+
; Number detected on machine ; 12          ;
; Maximum allowed            ; 12          ;
;                            ;             ;
; Average used               ; 1.00        ;
; Maximum used               ; 12          ;
;                            ;             ;
; Usage by Processor         ; % Time Used ;
;     Processor 1            ; 100.0%      ;
;     Processor 2            ;   0.0%      ;
;     Processor 3            ;   0.0%      ;
;     Processor 4            ;   0.0%      ;
;     Processor 5            ;   0.0%      ;
;     Processor 6            ;   0.0%      ;
;     Processor 7            ;   0.0%      ;
;     Processor 8            ;   0.0%      ;
;     Processors 9-12        ;   0.0%      ;
+----------------------------+-------------+


+--------------------------------------------------------------------------------------------------------------------------------------------------------------------------+
; Analysis & Synthesis Source Files Read                                                                                                                                   ;
+----------------------------------+-----------------+------------------------+----------------------------------------------------------------------------------+---------+
; File Name with User-Entered Path ; Used in Netlist ; File Type              ; File Name with Absolute Path                                                     ; Library ;
+----------------------------------+-----------------+------------------------+----------------------------------------------------------------------------------+---------+
; ADS_TOP.v                        ; yes             ; User Verilog HDL File  ; /home/maruthi/intelFPGA_lite/20.1/quartus/AES_DECRYPTION/code/ADS_TOP.v          ;         ;
; keyexpanison.v                   ; yes             ; User Verilog HDL File  ; /home/maruthi/intelFPGA_lite/20.1/quartus/AES_DECRYPTION/code/keyexpanison.v     ;         ;
; inverseSbox.v                    ; yes             ; User Verilog HDL File  ; /home/maruthi/intelFPGA_lite/20.1/quartus/AES_DECRYPTION/code/inverseSbox.v      ;         ;
; inverseShiftrows.v               ; yes             ; User Verilog HDL File  ; /home/maruthi/intelFPGA_lite/20.1/quartus/AES_DECRYPTION/code/inverseShiftrows.v ;         ;
; inverseSubBytes.v                ; yes             ; User Verilog HDL File  ; /home/maruthi/intelFPGA_lite/20.1/quartus/AES_DECRYPTION/code/inverseSubBytes.v  ;         ;
; invMixColumns.v                  ; yes             ; User Verilog HDL File  ; /home/maruthi/intelFPGA_lite/20.1/quartus/AES_DECRYPTION/code/invMixColumns.v    ;         ;
+----------------------------------+-----------------+------------------------+----------------------------------------------------------------------------------+---------+


+--------------------------------------------------------+
; Analysis & Synthesis Resource Usage Summary            ;
+---------------------------------------------+----------+
; Resource                                    ; Usage    ;
+---------------------------------------------+----------+
; Estimate of Logic utilization (ALMs needed) ; 3795     ;
;                                             ;          ;
; Combinational ALUT usage for logic          ; 4530     ;
;     -- 7 input functions                    ; 60       ;
;     -- 6 input functions                    ; 2998     ;
;     -- 5 input functions                    ; 438      ;
;     -- 4 input functions                    ; 281      ;
;     -- <=3 input functions                  ; 753      ;
;                                             ;          ;
; Dedicated logic registers                   ; 266      ;
;                                             ;          ;
; I/O pins                                    ; 388      ;
;                                             ;          ;
; Total DSP Blocks                            ; 0        ;
;                                             ;          ;
; Maximum fan-out node                        ; round[1] ;
; Maximum fan-out                             ; 365      ;
; Total fan-out                               ; 25187    ;
; Average fan-out                             ; 4.52     ;
+---------------------------------------------+----------+


+------------------------------------------------------------------------------------------------------------------------------------------------------------------------------------------------------------------------------------+
; Analysis & Synthesis Resource Utilization by Entity                                                                                                                                                                                ;
+---------------------------------+---------------------+---------------------------+-------------------+------------+------+--------------+--------------------------------------------------------+-----------------+--------------+
; Compilation Hierarchy Node      ; Combinational ALUTs ; Dedicated Logic Registers ; Block Memory Bits ; DSP Blocks ; Pins ; Virtual Pins ; Full Hierarchy Name                                    ; Entity Name     ; Library Name ;
+---------------------------------+---------------------+---------------------------+-------------------+------------+------+--------------+--------------------------------------------------------+-----------------+--------------+
; |ADS_TOP                        ; 4530 (1090)         ; 266 (266)                 ; 0                 ; 0          ; 388  ; 0            ; |ADS_TOP                                               ; ADS_TOP         ; work         ;
;    |invMixColumns:u_imc|        ; 261 (261)           ; 0 (0)                     ; 0                 ; 0          ; 0    ; 0            ; |ADS_TOP|invMixColumns:u_imc                           ; invMixColumns   ; work         ;
;    |inverseSubBytes:u_isb|      ; 640 (0)             ; 0 (0)                     ; 0                 ; 0          ; 0    ; 0            ; |ADS_TOP|inverseSubBytes:u_isb                         ; inverseSubBytes ; work         ;
;       |inverseSbox:ISB[0].isb|  ; 40 (40)             ; 0 (0)                     ; 0                 ; 0          ; 0    ; 0            ; |ADS_TOP|inverseSubBytes:u_isb|inverseSbox:ISB[0].isb  ; inverseSbox     ; work         ;
;       |inverseSbox:ISB[10].isb| ; 40 (40)             ; 0 (0)                     ; 0                 ; 0          ; 0    ; 0            ; |ADS_TOP|inverseSubBytes:u_isb|inverseSbox:ISB[10].isb ; inverseSbox     ; work         ;
;       |inverseSbox:ISB[11].isb| ; 40 (40)             ; 0 (0)                     ; 0                 ; 0          ; 0    ; 0            ; |ADS_TOP|inverseSubBytes:u_isb|inverseSbox:ISB[11].isb ; inverseSbox     ; work         ;
;       |inverseSbox:ISB[12].isb| ; 40 (40)             ; 0 (0)                     ; 0                 ; 0          ; 0    ; 0            ; |ADS_TOP|inverseSubBytes:u_isb|inverseSbox:ISB[12].isb ; inverseSbox     ; work         ;
;       |inverseSbox:ISB[13].isb| ; 40 (40)             ; 0 (0)                     ; 0                 ; 0          ; 0    ; 0            ; |ADS_TOP|inverseSubBytes:u_isb|inverseSbox:ISB[13].isb ; inverseSbox     ; work         ;
;       |inverseSbox:ISB[14].isb| ; 40 (40)             ; 0 (0)                     ; 0                 ; 0          ; 0    ; 0            ; |ADS_TOP|inverseSubBytes:u_isb|inverseSbox:ISB[14].isb ; inverseSbox     ; work         ;
;       |inverseSbox:ISB[15].isb| ; 40 (40)             ; 0 (0)                     ; 0                 ; 0          ; 0    ; 0            ; |ADS_TOP|inverseSubBytes:u_isb|inverseSbox:ISB[15].isb ; inverseSbox     ; work         ;
;       |inverseSbox:ISB[1].isb|  ; 40 (40)             ; 0 (0)                     ; 0                 ; 0          ; 0    ; 0            ; |ADS_TOP|inverseSubBytes:u_isb|inverseSbox:ISB[1].isb  ; inverseSbox     ; work         ;
;       |inverseSbox:ISB[2].isb|  ; 40 (40)             ; 0 (0)                     ; 0                 ; 0          ; 0    ; 0            ; |ADS_TOP|inverseSubBytes:u_isb|inverseSbox:ISB[2].isb  ; inverseSbox     ; work         ;
;       |inverseSbox:ISB[3].isb|  ; 40 (40)             ; 0 (0)                     ; 0                 ; 0          ; 0    ; 0            ; |ADS_TOP|inverseSubBytes:u_isb|inverseSbox:ISB[3].isb  ; inverseSbox     ; work         ;
;       |inverseSbox:ISB[4].isb|  ; 40 (40)             ; 0 (0)                     ; 0                 ; 0          ; 0    ; 0            ; |ADS_TOP|inverseSubBytes:u_isb|inverseSbox:ISB[4].isb  ; inverseSbox     ; work         ;
;       |inverseSbox:ISB[5].isb|  ; 40 (40)             ; 0 (0)                     ; 0                 ; 0          ; 0    ; 0            ; |ADS_TOP|inverseSubBytes:u_isb|inverseSbox:ISB[5].isb  ; inverseSbox     ; work         ;
;       |inverseSbox:ISB[6].isb|  ; 40 (40)             ; 0 (0)                     ; 0                 ; 0          ; 0    ; 0            ; |ADS_TOP|inverseSubBytes:u_isb|inverseSbox:ISB[6].isb  ; inverseSbox     ; work         ;
;       |inverseSbox:ISB[7].isb|  ; 40 (40)             ; 0 (0)                     ; 0                 ; 0          ; 0    ; 0            ; |ADS_TOP|inverseSubBytes:u_isb|inverseSbox:ISB[7].isb  ; inverseSbox     ; work         ;
;       |inverseSbox:ISB[8].isb|  ; 40 (40)             ; 0 (0)                     ; 0                 ; 0          ; 0    ; 0            ; |ADS_TOP|inverseSubBytes:u_isb|inverseSbox:ISB[8].isb  ; inverseSbox     ; work         ;
;       |inverseSbox:ISB[9].isb|  ; 40 (40)             ; 0 (0)                     ; 0                 ; 0          ; 0    ; 0            ; |ADS_TOP|inverseSubBytes:u_isb|inverseSbox:ISB[9].isb  ; inverseSbox     ; work         ;
;    |keyExpansion:keyexp|        ; 2539 (2539)         ; 0 (0)                     ; 0                 ; 0          ; 0    ; 0            ; |ADS_TOP|keyExpansion:keyexp                           ; keyExpansion    ; work         ;
+---------------------------------+---------------------+---------------------------+-------------------+------------+------+--------------+--------------------------------------------------------+-----------------+--------------+
Note: For table entries with two numbers listed, the numbers in parentheses indicate the number of resources of the given type used by the specific entity alone. The numbers listed outside of parentheses indicate the total resources of the given type used by the specific entity and all of its sub-entities in the hierarchy.


Encoding Type:  One-Hot
+--------------------------------------------------------------------------------------------------------------------+
; State Machine - |ADS_TOP|fsm_state                                                                                 ;
+-------------------+-------------------+-------------------+------------------+------------------+------------------+
; Name              ; fsm_state.S_FINAL ; fsm_state.S_ROUND ; fsm_state.S_LOAD ; fsm_state.S_IDLE ; fsm_state.S_DONE ;
+-------------------+-------------------+-------------------+------------------+------------------+------------------+
; fsm_state.S_IDLE  ; 0                 ; 0                 ; 0                ; 0                ; 0                ;
; fsm_state.S_LOAD  ; 0                 ; 0                 ; 1                ; 1                ; 0                ;
; fsm_state.S_ROUND ; 0                 ; 1                 ; 0                ; 1                ; 0                ;
; fsm_state.S_FINAL ; 1                 ; 0                 ; 0                ; 1                ; 0                ;
; fsm_state.S_DONE  ; 0                 ; 0                 ; 0                ; 1                ; 1                ;
+-------------------+-------------------+-------------------+------------------+------------------+------------------+


+------------------------------------------------------------+
; Registers Removed During Synthesis                         ;
+---------------------------------------+--------------------+
; Register name                         ; Reason for Removal ;
+---------------------------------------+--------------------+
; fsm_state~9                           ; Lost fanout        ;
; fsm_state~10                          ; Lost fanout        ;
; Total Number of Removed Registers = 2 ;                    ;
+---------------------------------------+--------------------+


+------------------------------------------------------+
; General Register Statistics                          ;
+----------------------------------------------+-------+
; Statistic                                    ; Value ;
+----------------------------------------------+-------+
; Total registers                              ; 266   ;
; Number of registers using Synchronous Clear  ; 0     ;
; Number of registers using Synchronous Load   ; 0     ;
; Number of registers using Asynchronous Clear ; 266   ;
; Number of registers using Asynchronous Load  ; 0     ;
; Number of registers using Clock Enable       ; 260   ;
; Number of registers using Preset             ; 0     ;
+----------------------------------------------+-------+


+------------------------------------------------------------------------------------------------------------------------------------------+
; Multiplexer Restructuring Statistics (Restructuring Performed)                                                                           ;
+--------------------+-----------+---------------+----------------------+------------------------+------------+----------------------------+
; Multiplexer Inputs ; Bus Width ; Baseline Area ; Area if Restructured ; Saving if Restructured ; Registered ; Example Multiplexer Output ;
+--------------------+-----------+---------------+----------------------+------------------------+------------+----------------------------+
; 4:1                ; 128 bits  ; 256 LEs       ; 256 LEs              ; 0 LEs                  ; Yes        ; |ADS_TOP|state[104]        ;
; 6:1                ; 4 bits    ; 16 LEs        ; 8 LEs                ; 8 LEs                  ; Yes        ; |ADS_TOP|round[0]          ;
; 16:1               ; 128 bits  ; 1280 LEs      ; 1024 LEs             ; 256 LEs                ; No         ; |ADS_TOP|Mux29             ;
+--------------------+-----------+---------------+----------------------+------------------------+------------+----------------------------+


+-----------------------------------------------------+
; Post-Synthesis Netlist Statistics for Top Partition ;
+-----------------------+-----------------------------+
; Type                  ; Count                       ;
+-----------------------+-----------------------------+
; arriav_ff             ; 266                         ;
;     CLR               ; 6                           ;
;     ENA CLR           ; 260                         ;
; arriav_lcell_comb     ; 4530                        ;
;     extend            ; 60                          ;
;         7 data inputs ; 60                          ;
;     normal            ; 4470                        ;
;         2 data inputs ; 369                         ;
;         3 data inputs ; 384                         ;
;         4 data inputs ; 281                         ;
;         5 data inputs ; 438                         ;
;         6 data inputs ; 2998                        ;
; boundary_port         ; 388                         ;
;                       ;                             ;
; Max LUT depth         ; 34.00                       ;
; Average LUT depth     ; 24.60                       ;
+-----------------------+-----------------------------+


+-------------------------------+
; Elapsed Time Per Partition    ;
+----------------+--------------+
; Partition Name ; Elapsed Time ;
+----------------+--------------+
; Top            ; 00:00:17     ;
+----------------+--------------+


+-------------------------------+
; Analysis & Synthesis Messages ;
+-------------------------------+
Info: *******************************************************************
Info: Running Quartus Prime Analysis & Synthesis
    Info: Version 20.1.0 Build 711 06/05/2020 SJ Lite Edition
    Info: Processing started: Sat Jan 17 16:13:11 2026
Info: Command: quartus_map --read_settings_files=on --write_settings_files=off ADS_TOP -c ADS_TOP
Warning (18236): Number of processors has not been specified which may cause overloading on shared machines.  Set the global assignment NUM_PARALLEL_PROCESSORS in your QSF to an appropriate value for best performance.
Info (20030): Parallel compilation is enabled and will use 12 of the 12 processors detected
Info (12021): Found 1 design units, including 1 entities, in source file ADS_TOP.v
    Info (12023): Found entity 1: ADS_TOP File: /home/maruthi/intelFPGA_lite/20.1/quartus/AES_DECRYPTION/code/ADS_TOP.v Line: 7
Info (12021): Found 1 design units, including 1 entities, in source file keyexpanison.v
    Info (12023): Found entity 1: keyExpansion File: /home/maruthi/intelFPGA_lite/20.1/quartus/AES_DECRYPTION/code/keyexpanison.v Line: 1
Info (12021): Found 1 design units, including 1 entities, in source file decryptRound.v
    Info (12023): Found entity 1: decryptRound File: /home/maruthi/intelFPGA_lite/20.1/quartus/AES_DECRYPTION/code/decryptRound.v Line: 2
Info (12021): Found 1 design units, including 1 entities, in source file finalInvRound.v
    Info (12023): Found entity 1: finalInvRound File: /home/maruthi/intelFPGA_lite/20.1/quartus/AES_DECRYPTION/code/finalInvRound.v Line: 2
Info (12021): Found 1 design units, including 1 entities, in source file inverseSbox.v
    Info (12023): Found entity 1: inverseSbox File: /home/maruthi/intelFPGA_lite/20.1/quartus/AES_DECRYPTION/code/inverseSbox.v Line: 2
Info (12021): Found 1 design units, including 1 entities, in source file inverseShiftrows.v
    Info (12023): Found entity 1: inverseShiftRows File: /home/maruthi/intelFPGA_lite/20.1/quartus/AES_DECRYPTION/code/inverseShiftrows.v Line: 1
Info (12021): Found 1 design units, including 1 entities, in source file inverseSubBytes.v
    Info (12023): Found entity 1: inverseSubBytes File: /home/maruthi/intelFPGA_lite/20.1/quartus/AES_DECRYPTION/code/inverseSubBytes.v Line: 2
Info (12021): Found 1 design units, including 1 entities, in source file invMixColumns.v
    Info (12023): Found entity 1: invMixColumns File: /home/maruthi/intelFPGA_lite/20.1/quartus/AES_DECRYPTION/code/invMixColumns.v Line: 1
Info (12127): Elaborating entity "ADS_TOP" for the top level hierarchy
Info (12128): Elaborating entity "keyExpansion" for hierarchy "keyExpansion:keyexp" File: /home/maruthi/intelFPGA_lite/20.1/quartus/AES_DECRYPTION/code/ADS_TOP.v Line: 48
Info (12128): Elaborating entity "inverseShiftRows" for hierarchy "inverseShiftRows:u_isr" File: /home/maruthi/intelFPGA_lite/20.1/quartus/AES_DECRYPTION/code/ADS_TOP.v Line: 77
Info (12128): Elaborating entity "inverseSubBytes" for hierarchy "inverseSubBytes:u_isb" File: /home/maruthi/intelFPGA_lite/20.1/quartus/AES_DECRYPTION/code/ADS_TOP.v Line: 81
Info (12128): Elaborating entity "inverseSbox" for hierarchy "inverseSubBytes:u_isb|inverseSbox:ISB[0].isb" File: /home/maruthi/intelFPGA_lite/20.1/quartus/AES_DECRYPTION/code/inverseSubBytes.v Line: 14
Info (12128): Elaborating entity "invMixColumns" for hierarchy "invMixColumns:u_imc" File: /home/maruthi/intelFPGA_lite/20.1/quartus/AES_DECRYPTION/code/ADS_TOP.v Line: 87
Info (276014): Found 40 instances of uninferred RAM logic
    Info (276007): RAM logic "keyExpansion:keyexp|Ram0" is uninferred due to asynchronous read logic File: /home/maruthi/intelFPGA_lite/20.1/quartus/AES_DECRYPTION/code/keyexpanison.v Line: 11
    Info (276007): RAM logic "keyExpansion:keyexp|Ram1" is uninferred due to asynchronous read logic File: /home/maruthi/intelFPGA_lite/20.1/quartus/AES_DECRYPTION/code/keyexpanison.v Line: 11
    Info (276007): RAM logic "keyExpansion:keyexp|Ram2" is uninferred due to asynchronous read logic File: /home/maruthi/intelFPGA_lite/20.1/quartus/AES_DECRYPTION/code/keyexpanison.v Line: 11
    Info (276007): RAM logic "keyExpansion:keyexp|Ram3" is uninferred due to asynchronous read logic File: /home/maruthi/intelFPGA_lite/20.1/quartus/AES_DECRYPTION/code/keyexpanison.v Line: 11
    Info (276007): RAM logic "keyExpansion:keyexp|Ram4" is uninferred due to asynchronous read logic File: /home/maruthi/intelFPGA_lite/20.1/quartus/AES_DECRYPTION/code/keyexpanison.v Line: 11
    Info (276007): RAM logic "keyExpansion:keyexp|Ram5" is uninferred due to asynchronous read logic File: /home/maruthi/intelFPGA_lite/20.1/quartus/AES_DECRYPTION/code/keyexpanison.v Line: 11
    Info (276007): RAM logic "keyExpansion:keyexp|Ram6" is uninferred due to asynchronous read logic File: /home/maruthi/intelFPGA_lite/20.1/quartus/AES_DECRYPTION/code/keyexpanison.v Line: 11
    Info (276007): RAM logic "keyExpansion:keyexp|Ram7" is uninferred due to asynchronous read logic File: /home/maruthi/intelFPGA_lite/20.1/quartus/AES_DECRYPTION/code/keyexpanison.v Line: 11
    Info (276007): RAM logic "keyExpansion:keyexp|Ram8" is uninferred due to asynchronous read logic File: /home/maruthi/intelFPGA_lite/20.1/quartus/AES_DECRYPTION/code/keyexpanison.v Line: 11
    Info (276007): RAM logic "keyExpansion:keyexp|Ram9" is uninferred due to asynchronous read logic File: /home/maruthi/intelFPGA_lite/20.1/quartus/AES_DECRYPTION/code/keyexpanison.v Line: 11
    Info (276007): RAM logic "keyExpansion:keyexp|Ram10" is uninferred due to asynchronous read logic File: /home/maruthi/intelFPGA_lite/20.1/quartus/AES_DECRYPTION/code/keyexpanison.v Line: 11
    Info (276007): RAM logic "keyExpansion:keyexp|Ram11" is uninferred due to asynchronous read logic File: /home/maruthi/intelFPGA_lite/20.1/quartus/AES_DECRYPTION/code/keyexpanison.v Line: 11
    Info (276007): RAM logic "keyExpansion:keyexp|Ram12" is uninferred due to asynchronous read logic File: /home/maruthi/intelFPGA_lite/20.1/quartus/AES_DECRYPTION/code/keyexpanison.v Line: 11
    Info (276007): RAM logic "keyExpansion:keyexp|Ram13" is uninferred due to asynchronous read logic File: /home/maruthi/intelFPGA_lite/20.1/quartus/AES_DECRYPTION/code/keyexpanison.v Line: 11
    Info (276007): RAM logic "keyExpansion:keyexp|Ram14" is uninferred due to asynchronous read logic File: /home/maruthi/intelFPGA_lite/20.1/quartus/AES_DECRYPTION/code/keyexpanison.v Line: 11
    Info (276007): RAM logic "keyExpansion:keyexp|Ram15" is uninferred due to asynchronous read logic File: /home/maruthi/intelFPGA_lite/20.1/quartus/AES_DECRYPTION/code/keyexpanison.v Line: 11
    Info (276007): RAM logic "keyExpansion:keyexp|Ram16" is uninferred due to asynchronous read logic File: /home/maruthi/intelFPGA_lite/20.1/quartus/AES_DECRYPTION/code/keyexpanison.v Line: 11
    Info (276007): RAM logic "keyExpansion:keyexp|Ram17" is uninferred due to asynchronous read logic File: /home/maruthi/intelFPGA_lite/20.1/quartus/AES_DECRYPTION/code/keyexpanison.v Line: 11
    Info (276007): RAM logic "keyExpansion:keyexp|Ram18" is uninferred due to asynchronous read logic File: /home/maruthi/intelFPGA_lite/20.1/quartus/AES_DECRYPTION/code/keyexpanison.v Line: 11
    Info (276007): RAM logic "keyExpansion:keyexp|Ram19" is uninferred due to asynchronous read logic File: /home/maruthi/intelFPGA_lite/20.1/quartus/AES_DECRYPTION/code/keyexpanison.v Line: 11
    Info (276007): RAM logic "keyExpansion:keyexp|Ram20" is uninferred due to asynchronous read logic File: /home/maruthi/intelFPGA_lite/20.1/quartus/AES_DECRYPTION/code/keyexpanison.v Line: 11
    Info (276007): RAM logic "keyExpansion:keyexp|Ram21" is uninferred due to asynchronous read logic File: /home/maruthi/intelFPGA_lite/20.1/quartus/AES_DECRYPTION/code/keyexpanison.v Line: 11
    Info (276007): RAM logic "keyExpansion:keyexp|Ram22" is uninferred due to asynchronous read logic File: /home/maruthi/intelFPGA_lite/20.1/quartus/AES_DECRYPTION/code/keyexpanison.v Line: 11
    Info (276007): RAM logic "keyExpansion:keyexp|Ram23" is uninferred due to asynchronous read logic File: /home/maruthi/intelFPGA_lite/20.1/quartus/AES_DECRYPTION/code/keyexpanison.v Line: 11
    Info (276007): RAM logic "keyExpansion:keyexp|Ram24" is uninferred due to asynchronous read logic File: /home/maruthi/intelFPGA_lite/20.1/quartus/AES_DECRYPTION/code/keyexpanison.v Line: 11
    Info (276007): RAM logic "keyExpansion:keyexp|Ram25" is uninferred due to asynchronous read logic File: /home/maruthi/intelFPGA_lite/20.1/quartus/AES_DECRYPTION/code/keyexpanison.v Line: 11
    Info (276007): RAM logic "keyExpansion:keyexp|Ram26" is uninferred due to asynchronous read logic File: /home/maruthi/intelFPGA_lite/20.1/quartus/AES_DECRYPTION/code/keyexpanison.v Line: 11
    Info (276007): RAM logic "keyExpansion:keyexp|Ram27" is uninferred due to asynchronous read logic File: /home/maruthi/intelFPGA_lite/20.1/quartus/AES_DECRYPTION/code/keyexpanison.v Line: 11
    Info (276007): RAM logic "keyExpansion:keyexp|Ram28" is uninferred due to asynchronous read logic File: /home/maruthi/intelFPGA_lite/20.1/quartus/AES_DECRYPTION/code/keyexpanison.v Line: 11
    Info (276007): RAM logic "keyExpansion:keyexp|Ram29" is uninferred due to asynchronous read logic File: /home/maruthi/intelFPGA_lite/20.1/quartus/AES_DECRYPTION/code/keyexpanison.v Line: 11
    Info (276007): RAM logic "keyExpansion:keyexp|Ram30" is uninferred due to asynchronous read logic File: /home/maruthi/intelFPGA_lite/20.1/quartus/AES_DECRYPTION/code/keyexpanison.v Line: 11
    Info (276007): RAM logic "keyExpansion:keyexp|Ram31" is uninferred due to asynchronous read logic File: /home/maruthi/intelFPGA_lite/20.1/quartus/AES_DECRYPTION/code/keyexpanison.v Line: 11
    Info (276007): RAM logic "keyExpansion:keyexp|Ram32" is uninferred due to asynchronous read logic File: /home/maruthi/intelFPGA_lite/20.1/quartus/AES_DECRYPTION/code/keyexpanison.v Line: 11
    Info (276007): RAM logic "keyExpansion:keyexp|Ram33" is uninferred due to asynchronous read logic File: /home/maruthi/intelFPGA_lite/20.1/quartus/AES_DECRYPTION/code/keyexpanison.v Line: 11
    Info (276007): RAM logic "keyExpansion:keyexp|Ram34" is uninferred due to asynchronous read logic File: /home/maruthi/intelFPGA_lite/20.1/quartus/AES_DECRYPTION/code/keyexpanison.v Line: 11
    Info (276007): RAM logic "keyExpansion:keyexp|Ram35" is uninferred due to asynchronous read logic File: /home/maruthi/intelFPGA_lite/20.1/quartus/AES_DECRYPTION/code/keyexpanison.v Line: 11
    Info (276007): RAM logic "keyExpansion:keyexp|Ram36" is uninferred due to asynchronous read logic File: /home/maruthi/intelFPGA_lite/20.1/quartus/AES_DECRYPTION/code/keyexpanison.v Line: 11
    Info (276007): RAM logic "keyExpansion:keyexp|Ram37" is uninferred due to asynchronous read logic File: /home/maruthi/intelFPGA_lite/20.1/quartus/AES_DECRYPTION/code/keyexpanison.v Line: 11
    Info (276007): RAM logic "keyExpansion:keyexp|Ram38" is uninferred due to asynchronous read logic File: /home/maruthi/intelFPGA_lite/20.1/quartus/AES_DECRYPTION/code/keyexpanison.v Line: 11
    Info (276007): RAM logic "keyExpansion:keyexp|Ram39" is uninferred due to asynchronous read logic File: /home/maruthi/intelFPGA_lite/20.1/quartus/AES_DECRYPTION/code/keyexpanison.v Line: 11
Info (286030): Timing-Driven Synthesis is running
Info (17049): 2 registers lost all their fanouts during netlist optimizations.
Info (16010): Generating hard_block partition "hard_block:auto_generated_inst"
    Info (16011): Adding 0 node(s), including 0 DDIO, 0 PLL, 0 transceiver and 0 LCELL
Info (21057): Implemented 5049 device resources after synthesis - the final resource count might be different
    Info (21058): Implemented 259 input pins
    Info (21059): Implemented 129 output pins
    Info (21061): Implemented 4661 logic cells
Info: Quartus Prime Analysis & Synthesis was successful. 0 errors, 1 warning
    Info: Peak virtual memory: 557 megabytes
    Info: Processing ended: Sat Jan 17 16:13:35 2026
    Info: Elapsed time: 00:00:24
    Info: Total CPU time (on all processors): 00:00:31


